2023-08-16T04:25:02+00:00 INFO Start-Cartflows_Frontend::redirect_to_thankyou_page
2023-08-16T04:25:02+00:00 INFO Only for thank you page
2023-08-16T04:25:02+00:00 INFO End-Cartflows_Frontend::redirect_to_thankyou_page
2023-08-16T05:20:11+00:00 INFO Start-Cartflows_Frontend::redirect_to_thankyou_page
2023-08-16T05:20:11+00:00 INFO Only for thank you page
2023-08-16T05:20:11+00:00 INFO End-Cartflows_Frontend::redirect_to_thankyou_page
2023-08-16T05:21:55+00:00 INFO Start-Cartflows_Frontend::redirect_to_thankyou_page
2023-08-16T05:21:55+00:00 INFO Only for thank you page
2023-08-16T05:21:55+00:00 INFO End-Cartflows_Frontend::redirect_to_thankyou_page
2023-08-16T07:54:39+00:00 INFO Start-Cartflows_Frontend::redirect_to_thankyou_page
2023-08-16T07:54:39+00:00 INFO Only for thank you page
2023-08-16T07:54:39+00:00 INFO End-Cartflows_Frontend::redirect_to_thankyou_page
2023-08-16T08:46:27+00:00 INFO Start-Cartflows_Admin_Report_Emails::send_weekly_report_email
2023-08-16T08:46:27+00:00 INFO Send weekly emails to htduy20@clc.fitus.edu.vn
2023-08-16T08:46:27+00:00 INFO Total Revenue: 0.00
2023-08-16T09:44:34+00:00 INFO Start-Cartflows_Frontend::redirect_to_thankyou_page
2023-08-16T09:44:34+00:00 INFO Only for thank you page
2023-08-16T09:44:34+00:00 INFO End-Cartflows_Frontend::redirect_to_thankyou_page
2023-08-16T09:58:20+00:00 INFO Start-Cartflows_Frontend::redirect_to_thankyou_page
2023-08-16T09:58:20+00:00 INFO Only for thank you page
2023-08-16T09:58:20+00:00 INFO End-Cartflows_Frontend::redirect_to_thankyou_page
