2023-08-02T14:17:12+00:00 CRITICAL Uncaught Error: Call to undefined function WPAdminify\Inc\Modules\ServerInformation\gd_info() in C:\xampp\htdocs\Tailor-online\wp-content\plugins\adminify\Inc\Modules\ServerInformation\ServerInfo_Server_Details.php:406
Stack trace:
#0 C:\xampp\htdocs\Tailor-online\wp-content\plugins\adminify\Inc\Modules\ServerInformation\ServerInfo_Server_Details.php(22): WPAdminify\Inc\Modules\ServerInformation\ServerInfo_Server_Details->init()
#1 C:\xampp\htdocs\Tailor-online\wp-content\plugins\adminify\Inc\Modules\ServerInformation\ServerInformation.php(294): WPAdminify\Inc\Modules\ServerInformation\ServerInfo_Server_Details->__construct()
#2 C:\xampp\htdocs\Tailor-online\wp-content\plugins\adminify\lib\adminify-framework\fields\callback\callback.php(21): WPAdminify\Inc\Modules\ServerInformation\ServerInformation::jltwp_adminify_server_details(NULL)
#3 C:\xampp\htdocs\Tailor-online\wp-content\plugins\adminify\lib\adminify-framework\classes\setup.class.php(719): ADMINIFY_Field_callback->render()
#4 C:\xampp\htdocs\Tailor-online\wp-content\plugins\adminify\lib\adminify-framework\fields\tabbed\tabbed.php(46): ADMINIFY_Setup::field(Array, '', '_wpadminify_ser...', 'field/tabbed')
#5 C:\xampp\htdocs\Tailor-online\wp-content\plugins\adminify\lib\adminify-framework\classes\setup.class.php(719): ADMINIFY_Field_tabbed->render()
#6 C:\xampp\htdocs\Tailor-online\wp-content\plugins\adminify\lib\adminify-framework\classes\admin-options.class.php(611): ADMINIFY_Setup::field(Array, '', '_wpadminify_ser...', 'options')
#7 C:\xampp\htdocs\Tailor-online\wp-includes\class-wp-hook.php(308): ADMINIFY_Options->add_options_html('')
#8 C:\xampp\htdocs\Tailor-online\wp-includes\class-wp-hook.php(332): WP_Hook->apply_filters('', Array)
#9 C:\xampp\htdocs\Tailor-online\wp-includes\plugin.php(517): WP_Hook->do_action(Array)
#10 C:\xampp\htdocs\Tailor-online\wp-admin\admin.php(259): do_action('wp-adminify_pag...')
#11 {main}
  thrown in C:\xampp\htdocs\Tailor-online\wp-content\plugins\adminify\Inc\Modules\ServerInformation\ServerInfo_Server_Details.php on line 406

2023-08-02T14:41:15+00:00 CRITICAL Uncaught TypeError: strpos(): Argument #1 ($haystack) must be of type string, array given in C:\xampp\htdocs\Tailor-online\wp-includes\blocks.php:801
Stack trace:
#0 C:\xampp\htdocs\Tailor-online\wp-includes\blocks.php(801): strpos(Array, '<!--')
#1 C:\xampp\htdocs\Tailor-online\wp-includes\formatting.php(5136): filter_block_content(Array, 'post', Array)
#2 C:\xampp\htdocs\Tailor-online\wp-includes\class-wp-hook.php(308): wp_pre_kses_block_attributes(Array, 'post', Array)
#3 C:\xampp\htdocs\Tailor-online\wp-includes\plugin.php(205): WP_Hook->apply_filters(Array, Array)
#4 C:\xampp\htdocs\Tailor-online\wp-includes\kses.php(944): apply_filters('pre_kses', Array, 'post', Array)
#5 C:\xampp\htdocs\Tailor-online\wp-includes\kses.php(754): wp_kses_hook(Array, 'post', Array)
#6 C:\xampp\htdocs\Tailor-online\wp-includes\kses.php(2151): wp_kses(Array, 'post')
#7 C:\xampp\htdocs\Tailor-online\wp-content\plugins\adminify\lib\adminify-framework\fields\switcher\switcher.php(29): wp_kses_post(Array)
#8 C:\xampp\htdocs\Tailor-online\wp-content\plugins\adminify\lib\adminify-framework\classes\setup.class.php(719): ADMINIFY_Field_switcher->render()
#9 C:\xampp\htdocs\Tailor-online\wp-content\plugins\adminify\lib\adminify-framework\classes\admin-options.class.php(611): ADMINIFY_Setup::field(Array, Array, '_wpadminify', 'options')
#10 C:\xampp\htdocs\Tailor-online\wp-includes\class-wp-hook.php(308): ADMINIFY_Options->add_options_html('')
#11 C:\xampp\htdocs\Tailor-online\wp-includes\class-wp-hook.php(332): WP_Hook->apply_filters('', Array)
#12 C:\xampp\htdocs\Tailor-online\wp-includes\plugin.php(517): WP_Hook->do_action(Array)
#13 C:\xampp\htdocs\Tailor-online\wp-admin\admin.php(259): do_action('toplevel_page_w...')
#14 {main}
  thrown in C:\xampp\htdocs\Tailor-online\wp-includes\blocks.php on line 801

