2023-07-19T06:27:40+00:00 CRITICAL Uncaught Error: Undefined constant "console" in C:\xampp\htdocs\Tailor-online\wp-includes\functions.php:8659
Stack trace:
#0 C:\xampp\htdocs\Tailor-online\wp-includes\class-wp-hook.php(308): save_selection_to_user_meta('')
#1 C:\xampp\htdocs\Tailor-online\wp-includes\class-wp-hook.php(332): WP_Hook->apply_filters('', Array)
#2 C:\xampp\htdocs\Tailor-online\wp-includes\plugin.php(517): WP_Hook->do_action(Array)
#3 C:\xampp\htdocs\Tailor-online\wp-admin\admin-ajax.php(188): do_action('wp_ajax_save_se...')
#4 {main}
  thrown in C:\xampp\htdocs\Tailor-online\wp-includes\functions.php on line 8659

2023-07-19T06:32:36+00:00 CRITICAL Uncaught Error: Undefined constant "console" in C:\xampp\htdocs\Tailor-online\wp-includes\functions.php:8665
Stack trace:
#0 C:\xampp\htdocs\Tailor-online\wp-includes\class-wp-hook.php(308): save_selection_to_user_meta('')
#1 C:\xampp\htdocs\Tailor-online\wp-includes\class-wp-hook.php(332): WP_Hook->apply_filters('', Array)
#2 C:\xampp\htdocs\Tailor-online\wp-includes\plugin.php(517): WP_Hook->do_action(Array)
#3 C:\xampp\htdocs\Tailor-online\wp-admin\admin-ajax.php(188): do_action('wp_ajax_save_se...')
#4 {main}
  thrown in C:\xampp\htdocs\Tailor-online\wp-includes\functions.php on line 8665

2023-07-19T06:33:50+00:00 CRITICAL Uncaught Error: Undefined constant "console" in C:\xampp\htdocs\Tailor-online\wp-includes\functions.php:8665
Stack trace:
#0 C:\xampp\htdocs\Tailor-online\wp-includes\class-wp-hook.php(308): save_selection_to_user_meta('')
#1 C:\xampp\htdocs\Tailor-online\wp-includes\class-wp-hook.php(332): WP_Hook->apply_filters('', Array)
#2 C:\xampp\htdocs\Tailor-online\wp-includes\plugin.php(517): WP_Hook->do_action(Array)
#3 C:\xampp\htdocs\Tailor-online\wp-admin\admin-ajax.php(188): do_action('wp_ajax_save_se...')
#4 {main}
  thrown in C:\xampp\htdocs\Tailor-online\wp-includes\functions.php on line 8665

2023-07-19T06:35:05+00:00 CRITICAL Uncaught Error: Undefined constant "console" in C:\xampp\htdocs\Tailor-online\wp-includes\functions.php:8665
Stack trace:
#0 C:\xampp\htdocs\Tailor-online\wp-includes\class-wp-hook.php(308): save_selection_to_user_meta('')
#1 C:\xampp\htdocs\Tailor-online\wp-includes\class-wp-hook.php(332): WP_Hook->apply_filters('', Array)
#2 C:\xampp\htdocs\Tailor-online\wp-includes\plugin.php(517): WP_Hook->do_action(Array)
#3 C:\xampp\htdocs\Tailor-online\wp-admin\admin-ajax.php(188): do_action('wp_ajax_save_se...')
#4 {main}
  thrown in C:\xampp\htdocs\Tailor-online\wp-includes\functions.php on line 8665

2023-07-19T06:44:09+00:00 CRITICAL Uncaught Error: Undefined constant "console" in C:\xampp\htdocs\Tailor-online\wp-includes\functions.php:8671
Stack trace:
#0 C:\xampp\htdocs\Tailor-online\wp-includes\class-wp-hook.php(308): save_selection_to_user_meta('')
#1 C:\xampp\htdocs\Tailor-online\wp-includes\class-wp-hook.php(332): WP_Hook->apply_filters('', Array)
#2 C:\xampp\htdocs\Tailor-online\wp-includes\plugin.php(517): WP_Hook->do_action(Array)
#3 C:\xampp\htdocs\Tailor-online\wp-admin\admin-ajax.php(188): do_action('wp_ajax_save_se...')
#4 {main}
  thrown in C:\xampp\htdocs\Tailor-online\wp-includes\functions.php on line 8671

2023-07-19T07:01:54+00:00 CRITICAL Uncaught Error: Undefined constant "location" in C:\xampp\htdocs\Tailor-online\wp-includes\functions.php:8573
Stack trace:
#0 C:\xampp\htdocs\Tailor-online\wp-includes\class-wp-hook.php(308): custom_myaccount_endpoint_save_fields('')
#1 C:\xampp\htdocs\Tailor-online\wp-includes\class-wp-hook.php(332): WP_Hook->apply_filters(NULL, Array)
#2 C:\xampp\htdocs\Tailor-online\wp-includes\plugin.php(517): WP_Hook->do_action(Array)
#3 C:\xampp\htdocs\Tailor-online\wp-content\plugins\woocommerce\includes\wc-template-functions.php(3201): do_action('woocommerce_acc...', '')
#4 C:\xampp\htdocs\Tailor-online\wp-includes\class-wp-hook.php(308): woocommerce_account_content('')
#5 C:\xampp\htdocs\Tailor-online\wp-includes\class-wp-hook.php(332): WP_Hook->apply_filters(NULL, Array)
#6 C:\xampp\htdocs\Tailor-online\wp-includes\plugin.php(517): WP_Hook->do_action(Array)
#7 C:\xampp\htdocs\Tailor-online\wp-content\plugins\woocommerce\templates\myaccount\my-account.php(34): do_action('woocommerce_acc...')
#8 C:\xampp\htdocs\Tailor-online\wp-content\plugins\woocommerce\includes\wc-core-functions.php(345): include('C:\\xampp\\htdocs...')
#9 C:\xampp\htdocs\Tailor-online\wp-content\plugins\woocommerce\includes\shortcodes\class-wc-shortcode-my-account.php(119): wc_get_template('myaccount/my-ac...', Array)
#10 C:\xampp\htdocs\Tailor-online\wp-content\plugins\woocommerce\includes\shortcodes\class-wc-shortcode-my-account.php(72): WC_Shortcode_My_Account::my_account('')
#11 C:\xampp\htdocs\Tailor-online\wp-content\plugins\woocommerce\includes\class-wc-shortcodes.php(72): WC_Shortcode_My_Account::output('')
#12 C:\xampp\htdocs\Tailor-online\wp-content\plugins\woocommerce\includes\class-wc-shortcodes.php(115): WC_Shortcodes::shortcode_wrapper(Array, '')
#13 C:\xampp\htdocs\Tailor-online\wp-includes\shortcodes.php(355): WC_Shortcodes::my_account('', '', 'woocommerce_my_...')
#14 [internal function]: do_shortcode_tag(Array)
#15 C:\xampp\htdocs\Tailor-online\wp-includes\shortcodes.php(227): preg_replace_callback('/\\[(\\[?)(woocom...', 'do_shortcode_ta...', '[woocommerce_my...')
#16 C:\xampp\htdocs\Tailor-online\wp-content\plugins\elementor\includes\widgets\shortcode.php(130): do_shortcode('[woocommerce_my...')
#17 C:\xampp\htdocs\Tailor-online\wp-content\plugins\elementor\includes\base\controls-stack.php(2268): Elementor\Widget_Shortcode->render()
#18 C:\xampp\htdocs\Tailor-online\wp-content\plugins\elementor\includes\base\widget-base.php(609): Elementor\Controls_Stack->render_by_mode()
#19 C:\xampp\htdocs\Tailor-online\wp-content\plugins\elementor\includes\base\widget-base.php(750): Elementor\Widget_Base->render_content()
#20 C:\xampp\htdocs\Tailor-online\wp-content\plugins\elementor\includes\base\element-base.php(449): Elementor\Widget_Base->print_content()
#21 C:\xampp\htdocs\Tailor-online\wp-content\plugins\elementor\includes\base\element-base.php(1354): Elementor\Element_Base->print_element()
#22 C:\xampp\htdocs\Tailor-online\wp-content\plugins\elementor\includes\base\element-base.php(449): Elementor\Element_Base->print_content()
#23 C:\xampp\htdocs\Tailor-online\wp-content\plugins\elementor\includes\base\element-base.php(1354): Elementor\Element_Base->print_element()
#24 C:\xampp\htdocs\Tailor-online\wp-content\plugins\elementor\includes\base\element-base.php(449): Elementor\Element_Base->print_content()
#25 C:\xampp\htdocs\Tailor-online\wp-content\plugins\elementor\core\base\document.php(1711): Elementor\Element_Base->print_element()
#26 C:\xampp\htdocs\Tailor-online\wp-content\plugins\elementor\core\base\document.php(1106): Elementor\Core\Base\Document->print_elements(Array)
#27 C:\xampp\htdocs\Tailor-online\wp-content\plugins\elementor\includes\frontend.php(1179): Elementor\Core\Base\Document->print_elements_with_wrapper(Array)
#28 C:\xampp\htdocs\Tailor-online\wp-content\plugins\elementor\includes\frontend.php(1074): Elementor\Frontend->get_builder_content(41)
#29 C:\xampp\htdocs\Tailor-online\wp-includes\class-wp-hook.php(308): Elementor\Frontend->apply_builder_in_content('')
#30 C:\xampp\htdocs\Tailor-online\wp-includes\plugin.php(205): WP_Hook->apply_filters('', Array)
#31 C:\xampp\htdocs\Tailor-online\wp-includes\post-template.php(255): apply_filters('the_content', '')
#32 C:\xampp\htdocs\Tailor-online\wp-content\themes\astra\template-parts\single\content-header.php(33): the_content()
#33 C:\xampp\htdocs\Tailor-online\wp-includes\template.php(785): require('C:\\xampp\\htdocs...')
#34 C:\xampp\htdocs\Tailor-online\wp-includes\template.php(718): load_template('C:\\xampp\\htdocs...', false, Array)
#35 C:\xampp\htdocs\Tailor-online\wp-includes\general-template.php(204): locate_template(Array, true, false, Array)
#36 C:\xampp\htdocs\Tailor-online\wp-content\themes\astra\inc\template-parts.php(376): get_template_part('template-parts/...')
#37 C:\xampp\htdocs\Tailor-online\wp-includes\class-wp-hook.php(308): astra_entry_content_single_page_template('')
#38 C:\xampp\htdocs\Tailor-online\wp-includes\class-wp-hook.php(332): WP_Hook->apply_filters('', Array)
#39 C:\xampp\htdocs\Tailor-online\wp-includes\plugin.php(517): WP_Hook->do_action(Array)
#40 C:\xampp\htdocs\Tailor-online\wp-content\themes\astra\inc\core\theme-hooks.php(452): do_action('astra_entry_con...')
#41 C:\xampp\htdocs\Tailor-online\wp-content\themes\astra\template-parts\content-page.php(26): astra_entry_content_single_page()
#42 C:\xampp\htdocs\Tailor-online\wp-includes\template.php(785): require('C:\\xampp\\htdocs...')
#43 C:\xampp\htdocs\Tailor-online\wp-includes\template.php(718): load_template('C:\\xampp\\htdocs...', false, Array)
#44 C:\xampp\htdocs\Tailor-online\wp-includes\general-template.php(204): locate_template(Array, true, false, Array)
#45 C:\xampp\htdocs\Tailor-online\wp-content\themes\astra\inc\class-astra-loop.php(109): get_template_part('template-parts/...', 'page')
#46 C:\xampp\htdocs\Tailor-online\wp-includes\class-wp-hook.php(308): Astra_Loop->template_parts_page('')
#47 C:\xampp\htdocs\Tailor-online\wp-includes\class-wp-hook.php(332): WP_Hook->apply_filters('', Array)
#48 C:\xampp\htdocs\Tailor-online\wp-includes\plugin.php(517): WP_Hook->do_action(Array)
#49 C:\xampp\htdocs\Tailor-online\wp-content\themes\astra\inc\class-astra-loop.php(197): do_action('astra_page_temp...')
#50 C:\xampp\htdocs\Tailor-online\wp-content\themes\astra\inc\class-astra-loop.php(174): Astra_Loop->loop_markup(true)
#51 C:\xampp\htdocs\Tailor-online\wp-includes\class-wp-hook.php(308): Astra_Loop->loop_markup_page('')
#52 C:\xampp\htdocs\Tailor-online\wp-includes\class-wp-hook.php(332): WP_Hook->apply_filters('', Array)
#53 C:\xampp\htdocs\Tailor-online\wp-includes\plugin.php(517): WP_Hook->do_action(Array)
#54 C:\xampp\htdocs\Tailor-online\wp-content\themes\astra\inc\core\theme-hooks.php(267): do_action('astra_content_p...')
#55 C:\xampp\htdocs\Tailor-online\wp-content\themes\astra\page.php(32): astra_content_page_loop()
#56 C:\xampp\htdocs\Tailor-online\wp-includes\template-loader.php(106): include('C:\\xampp\\htdocs...')
#57 C:\xampp\htdocs\Tailor-online\wp-blog-header.php(19): require_once('C:\\xampp\\htdocs...')
#58 C:\xampp\htdocs\Tailor-online\index.php(17): require('C:\\xampp\\htdocs...')
#59 {main}
  thrown in C:\xampp\htdocs\Tailor-online\wp-includes\functions.php on line 8573

2023-07-19T07:02:03+00:00 CRITICAL Uncaught Error: Undefined constant "location" in C:\xampp\htdocs\Tailor-online\wp-includes\functions.php:8573
Stack trace:
#0 C:\xampp\htdocs\Tailor-online\wp-includes\class-wp-hook.php(308): custom_myaccount_endpoint_save_fields('')
#1 C:\xampp\htdocs\Tailor-online\wp-includes\class-wp-hook.php(332): WP_Hook->apply_filters(NULL, Array)
#2 C:\xampp\htdocs\Tailor-online\wp-includes\plugin.php(517): WP_Hook->do_action(Array)
#3 C:\xampp\htdocs\Tailor-online\wp-content\plugins\woocommerce\includes\wc-template-functions.php(3201): do_action('woocommerce_acc...', '')
#4 C:\xampp\htdocs\Tailor-online\wp-includes\class-wp-hook.php(308): woocommerce_account_content('')
#5 C:\xampp\htdocs\Tailor-online\wp-includes\class-wp-hook.php(332): WP_Hook->apply_filters(NULL, Array)
#6 C:\xampp\htdocs\Tailor-online\wp-includes\plugin.php(517): WP_Hook->do_action(Array)
#7 C:\xampp\htdocs\Tailor-online\wp-content\plugins\woocommerce\templates\myaccount\my-account.php(34): do_action('woocommerce_acc...')
#8 C:\xampp\htdocs\Tailor-online\wp-content\plugins\woocommerce\includes\wc-core-functions.php(345): include('C:\\xampp\\htdocs...')
#9 C:\xampp\htdocs\Tailor-online\wp-content\plugins\woocommerce\includes\shortcodes\class-wc-shortcode-my-account.php(119): wc_get_template('myaccount/my-ac...', Array)
#10 C:\xampp\htdocs\Tailor-online\wp-content\plugins\woocommerce\includes\shortcodes\class-wc-shortcode-my-account.php(72): WC_Shortcode_My_Account::my_account('')
#11 C:\xampp\htdocs\Tailor-online\wp-content\plugins\woocommerce\includes\class-wc-shortcodes.php(72): WC_Shortcode_My_Account::output('')
#12 C:\xampp\htdocs\Tailor-online\wp-content\plugins\woocommerce\includes\class-wc-shortcodes.php(115): WC_Shortcodes::shortcode_wrapper(Array, '')
#13 C:\xampp\htdocs\Tailor-online\wp-includes\shortcodes.php(355): WC_Shortcodes::my_account('', '', 'woocommerce_my_...')
#14 [internal function]: do_shortcode_tag(Array)
#15 C:\xampp\htdocs\Tailor-online\wp-includes\shortcodes.php(227): preg_replace_callback('/\\[(\\[?)(woocom...', 'do_shortcode_ta...', '[woocommerce_my...')
#16 C:\xampp\htdocs\Tailor-online\wp-content\plugins\elementor\includes\widgets\shortcode.php(130): do_shortcode('[woocommerce_my...')
#17 C:\xampp\htdocs\Tailor-online\wp-content\plugins\elementor\includes\base\controls-stack.php(2268): Elementor\Widget_Shortcode->render()
#18 C:\xampp\htdocs\Tailor-online\wp-content\plugins\elementor\includes\base\widget-base.php(609): Elementor\Controls_Stack->render_by_mode()
#19 C:\xampp\htdocs\Tailor-online\wp-content\plugins\elementor\includes\base\widget-base.php(750): Elementor\Widget_Base->render_content()
#20 C:\xampp\htdocs\Tailor-online\wp-content\plugins\elementor\includes\base\element-base.php(449): Elementor\Widget_Base->print_content()
#21 C:\xampp\htdocs\Tailor-online\wp-content\plugins\elementor\includes\base\element-base.php(1354): Elementor\Element_Base->print_element()
#22 C:\xampp\htdocs\Tailor-online\wp-content\plugins\elementor\includes\base\element-base.php(449): Elementor\Element_Base->print_content()
#23 C:\xampp\htdocs\Tailor-online\wp-content\plugins\elementor\includes\base\element-base.php(1354): Elementor\Element_Base->print_element()
#24 C:\xampp\htdocs\Tailor-online\wp-content\plugins\elementor\includes\base\element-base.php(449): Elementor\Element_Base->print_content()
#25 C:\xampp\htdocs\Tailor-online\wp-content\plugins\elementor\core\base\document.php(1711): Elementor\Element_Base->print_element()
#26 C:\xampp\htdocs\Tailor-online\wp-content\plugins\elementor\core\base\document.php(1106): Elementor\Core\Base\Document->print_elements(Array)
#27 C:\xampp\htdocs\Tailor-online\wp-content\plugins\elementor\includes\frontend.php(1179): Elementor\Core\Base\Document->print_elements_with_wrapper(Array)
#28 C:\xampp\htdocs\Tailor-online\wp-content\plugins\elementor\includes\frontend.php(1074): Elementor\Frontend->get_builder_content(41)
#29 C:\xampp\htdocs\Tailor-online\wp-includes\class-wp-hook.php(308): Elementor\Frontend->apply_builder_in_content('')
#30 C:\xampp\htdocs\Tailor-online\wp-includes\plugin.php(205): WP_Hook->apply_filters('', Array)
#31 C:\xampp\htdocs\Tailor-online\wp-includes\post-template.php(255): apply_filters('the_content', '')
#32 C:\xampp\htdocs\Tailor-online\wp-content\themes\astra\template-parts\single\content-header.php(33): the_content()
#33 C:\xampp\htdocs\Tailor-online\wp-includes\template.php(785): require('C:\\xampp\\htdocs...')
#34 C:\xampp\htdocs\Tailor-online\wp-includes\template.php(718): load_template('C:\\xampp\\htdocs...', false, Array)
#35 C:\xampp\htdocs\Tailor-online\wp-includes\general-template.php(204): locate_template(Array, true, false, Array)
#36 C:\xampp\htdocs\Tailor-online\wp-content\themes\astra\inc\template-parts.php(376): get_template_part('template-parts/...')
#37 C:\xampp\htdocs\Tailor-online\wp-includes\class-wp-hook.php(308): astra_entry_content_single_page_template('')
#38 C:\xampp\htdocs\Tailor-online\wp-includes\class-wp-hook.php(332): WP_Hook->apply_filters('', Array)
#39 C:\xampp\htdocs\Tailor-online\wp-includes\plugin.php(517): WP_Hook->do_action(Array)
#40 C:\xampp\htdocs\Tailor-online\wp-content\themes\astra\inc\core\theme-hooks.php(452): do_action('astra_entry_con...')
#41 C:\xampp\htdocs\Tailor-online\wp-content\themes\astra\template-parts\content-page.php(26): astra_entry_content_single_page()
#42 C:\xampp\htdocs\Tailor-online\wp-includes\template.php(785): require('C:\\xampp\\htdocs...')
#43 C:\xampp\htdocs\Tailor-online\wp-includes\template.php(718): load_template('C:\\xampp\\htdocs...', false, Array)
#44 C:\xampp\htdocs\Tailor-online\wp-includes\general-template.php(204): locate_template(Array, true, false, Array)
#45 C:\xampp\htdocs\Tailor-online\wp-content\themes\astra\inc\class-astra-loop.php(109): get_template_part('template-parts/...', 'page')
#46 C:\xampp\htdocs\Tailor-online\wp-includes\class-wp-hook.php(308): Astra_Loop->template_parts_page('')
#47 C:\xampp\htdocs\Tailor-online\wp-includes\class-wp-hook.php(332): WP_Hook->apply_filters('', Array)
#48 C:\xampp\htdocs\Tailor-online\wp-includes\plugin.php(517): WP_Hook->do_action(Array)
#49 C:\xampp\htdocs\Tailor-online\wp-content\themes\astra\inc\class-astra-loop.php(197): do_action('astra_page_temp...')
#50 C:\xampp\htdocs\Tailor-online\wp-content\themes\astra\inc\class-astra-loop.php(174): Astra_Loop->loop_markup(true)
#51 C:\xampp\htdocs\Tailor-online\wp-includes\class-wp-hook.php(308): Astra_Loop->loop_markup_page('')
#52 C:\xampp\htdocs\Tailor-online\wp-includes\class-wp-hook.php(332): WP_Hook->apply_filters('', Array)
#53 C:\xampp\htdocs\Tailor-online\wp-includes\plugin.php(517): WP_Hook->do_action(Array)
#54 C:\xampp\htdocs\Tailor-online\wp-content\themes\astra\inc\core\theme-hooks.php(267): do_action('astra_content_p...')
#55 C:\xampp\htdocs\Tailor-online\wp-content\themes\astra\page.php(32): astra_content_page_loop()
#56 C:\xampp\htdocs\Tailor-online\wp-includes\template-loader.php(106): include('C:\\xampp\\htdocs...')
#57 C:\xampp\htdocs\Tailor-online\wp-blog-header.php(19): require_once('C:\\xampp\\htdocs...')
#58 C:\xampp\htdocs\Tailor-online\index.php(17): require('C:\\xampp\\htdocs...')
#59 {main}
  thrown in C:\xampp\htdocs\Tailor-online\wp-includes\functions.php on line 8573

2023-07-19T07:02:07+00:00 CRITICAL Uncaught Error: Undefined constant "location" in C:\xampp\htdocs\Tailor-online\wp-includes\functions.php:8573
Stack trace:
#0 C:\xampp\htdocs\Tailor-online\wp-includes\class-wp-hook.php(308): custom_myaccount_endpoint_save_fields('')
#1 C:\xampp\htdocs\Tailor-online\wp-includes\class-wp-hook.php(332): WP_Hook->apply_filters(NULL, Array)
#2 C:\xampp\htdocs\Tailor-online\wp-includes\plugin.php(517): WP_Hook->do_action(Array)
#3 C:\xampp\htdocs\Tailor-online\wp-content\plugins\woocommerce\includes\wc-template-functions.php(3201): do_action('woocommerce_acc...', '')
#4 C:\xampp\htdocs\Tailor-online\wp-includes\class-wp-hook.php(308): woocommerce_account_content('')
#5 C:\xampp\htdocs\Tailor-online\wp-includes\class-wp-hook.php(332): WP_Hook->apply_filters(NULL, Array)
#6 C:\xampp\htdocs\Tailor-online\wp-includes\plugin.php(517): WP_Hook->do_action(Array)
#7 C:\xampp\htdocs\Tailor-online\wp-content\plugins\woocommerce\templates\myaccount\my-account.php(34): do_action('woocommerce_acc...')
#8 C:\xampp\htdocs\Tailor-online\wp-content\plugins\woocommerce\includes\wc-core-functions.php(345): include('C:\\xampp\\htdocs...')
#9 C:\xampp\htdocs\Tailor-online\wp-content\plugins\woocommerce\includes\shortcodes\class-wc-shortcode-my-account.php(119): wc_get_template('myaccount/my-ac...', Array)
#10 C:\xampp\htdocs\Tailor-online\wp-content\plugins\woocommerce\includes\shortcodes\class-wc-shortcode-my-account.php(72): WC_Shortcode_My_Account::my_account('')
#11 C:\xampp\htdocs\Tailor-online\wp-content\plugins\woocommerce\includes\class-wc-shortcodes.php(72): WC_Shortcode_My_Account::output('')
#12 C:\xampp\htdocs\Tailor-online\wp-content\plugins\woocommerce\includes\class-wc-shortcodes.php(115): WC_Shortcodes::shortcode_wrapper(Array, '')
#13 C:\xampp\htdocs\Tailor-online\wp-includes\shortcodes.php(355): WC_Shortcodes::my_account('', '', 'woocommerce_my_...')
#14 [internal function]: do_shortcode_tag(Array)
#15 C:\xampp\htdocs\Tailor-online\wp-includes\shortcodes.php(227): preg_replace_callback('/\\[(\\[?)(woocom...', 'do_shortcode_ta...', '[woocommerce_my...')
#16 C:\xampp\htdocs\Tailor-online\wp-content\plugins\elementor\includes\widgets\shortcode.php(130): do_shortcode('[woocommerce_my...')
#17 C:\xampp\htdocs\Tailor-online\wp-content\plugins\elementor\includes\base\controls-stack.php(2268): Elementor\Widget_Shortcode->render()
#18 C:\xampp\htdocs\Tailor-online\wp-content\plugins\elementor\includes\base\widget-base.php(609): Elementor\Controls_Stack->render_by_mode()
#19 C:\xampp\htdocs\Tailor-online\wp-content\plugins\elementor\includes\base\widget-base.php(750): Elementor\Widget_Base->render_content()
#20 C:\xampp\htdocs\Tailor-online\wp-content\plugins\elementor\includes\base\element-base.php(449): Elementor\Widget_Base->print_content()
#21 C:\xampp\htdocs\Tailor-online\wp-content\plugins\elementor\includes\base\element-base.php(1354): Elementor\Element_Base->print_element()
#22 C:\xampp\htdocs\Tailor-online\wp-content\plugins\elementor\includes\base\element-base.php(449): Elementor\Element_Base->print_content()
#23 C:\xampp\htdocs\Tailor-online\wp-content\plugins\elementor\includes\base\element-base.php(1354): Elementor\Element_Base->print_element()
#24 C:\xampp\htdocs\Tailor-online\wp-content\plugins\elementor\includes\base\element-base.php(449): Elementor\Element_Base->print_content()
#25 C:\xampp\htdocs\Tailor-online\wp-content\plugins\elementor\core\base\document.php(1711): Elementor\Element_Base->print_element()
#26 C:\xampp\htdocs\Tailor-online\wp-content\plugins\elementor\core\base\document.php(1106): Elementor\Core\Base\Document->print_elements(Array)
#27 C:\xampp\htdocs\Tailor-online\wp-content\plugins\elementor\includes\frontend.php(1179): Elementor\Core\Base\Document->print_elements_with_wrapper(Array)
#28 C:\xampp\htdocs\Tailor-online\wp-content\plugins\elementor\includes\frontend.php(1074): Elementor\Frontend->get_builder_content(41)
#29 C:\xampp\htdocs\Tailor-online\wp-includes\class-wp-hook.php(308): Elementor\Frontend->apply_builder_in_content('')
#30 C:\xampp\htdocs\Tailor-online\wp-includes\plugin.php(205): WP_Hook->apply_filters('', Array)
#31 C:\xampp\htdocs\Tailor-online\wp-includes\post-template.php(255): apply_filters('the_content', '')
#32 C:\xampp\htdocs\Tailor-online\wp-content\themes\astra\template-parts\single\content-header.php(33): the_content()
#33 C:\xampp\htdocs\Tailor-online\wp-includes\template.php(785): require('C:\\xampp\\htdocs...')
#34 C:\xampp\htdocs\Tailor-online\wp-includes\template.php(718): load_template('C:\\xampp\\htdocs...', false, Array)
#35 C:\xampp\htdocs\Tailor-online\wp-includes\general-template.php(204): locate_template(Array, true, false, Array)
#36 C:\xampp\htdocs\Tailor-online\wp-content\themes\astra\inc\template-parts.php(376): get_template_part('template-parts/...')
#37 C:\xampp\htdocs\Tailor-online\wp-includes\class-wp-hook.php(308): astra_entry_content_single_page_template('')
#38 C:\xampp\htdocs\Tailor-online\wp-includes\class-wp-hook.php(332): WP_Hook->apply_filters('', Array)
#39 C:\xampp\htdocs\Tailor-online\wp-includes\plugin.php(517): WP_Hook->do_action(Array)
#40 C:\xampp\htdocs\Tailor-online\wp-content\themes\astra\inc\core\theme-hooks.php(452): do_action('astra_entry_con...')
#41 C:\xampp\htdocs\Tailor-online\wp-content\themes\astra\template-parts\content-page.php(26): astra_entry_content_single_page()
#42 C:\xampp\htdocs\Tailor-online\wp-includes\template.php(785): require('C:\\xampp\\htdocs...')
#43 C:\xampp\htdocs\Tailor-online\wp-includes\template.php(718): load_template('C:\\xampp\\htdocs...', false, Array)
#44 C:\xampp\htdocs\Tailor-online\wp-includes\general-template.php(204): locate_template(Array, true, false, Array)
#45 C:\xampp\htdocs\Tailor-online\wp-content\themes\astra\inc\class-astra-loop.php(109): get_template_part('template-parts/...', 'page')
#46 C:\xampp\htdocs\Tailor-online\wp-includes\class-wp-hook.php(308): Astra_Loop->template_parts_page('')
#47 C:\xampp\htdocs\Tailor-online\wp-includes\class-wp-hook.php(332): WP_Hook->apply_filters('', Array)
#48 C:\xampp\htdocs\Tailor-online\wp-includes\plugin.php(517): WP_Hook->do_action(Array)
#49 C:\xampp\htdocs\Tailor-online\wp-content\themes\astra\inc\class-astra-loop.php(197): do_action('astra_page_temp...')
#50 C:\xampp\htdocs\Tailor-online\wp-content\themes\astra\inc\class-astra-loop.php(174): Astra_Loop->loop_markup(true)
#51 C:\xampp\htdocs\Tailor-online\wp-includes\class-wp-hook.php(308): Astra_Loop->loop_markup_page('')
#52 C:\xampp\htdocs\Tailor-online\wp-includes\class-wp-hook.php(332): WP_Hook->apply_filters('', Array)
#53 C:\xampp\htdocs\Tailor-online\wp-includes\plugin.php(517): WP_Hook->do_action(Array)
#54 C:\xampp\htdocs\Tailor-online\wp-content\themes\astra\inc\core\theme-hooks.php(267): do_action('astra_content_p...')
#55 C:\xampp\htdocs\Tailor-online\wp-content\themes\astra\page.php(32): astra_content_page_loop()
#56 C:\xampp\htdocs\Tailor-online\wp-includes\template-loader.php(106): include('C:\\xampp\\htdocs...')
#57 C:\xampp\htdocs\Tailor-online\wp-blog-header.php(19): require_once('C:\\xampp\\htdocs...')
#58 C:\xampp\htdocs\Tailor-online\index.php(17): require('C:\\xampp\\htdocs...')
#59 {main}
  thrown in C:\xampp\htdocs\Tailor-online\wp-includes\functions.php on line 8573

2023-07-19T07:02:16+00:00 CRITICAL Uncaught Error: Undefined constant "location" in C:\xampp\htdocs\Tailor-online\wp-includes\functions.php:8573
Stack trace:
#0 C:\xampp\htdocs\Tailor-online\wp-includes\class-wp-hook.php(308): custom_myaccount_endpoint_save_fields('')
#1 C:\xampp\htdocs\Tailor-online\wp-includes\class-wp-hook.php(332): WP_Hook->apply_filters(NULL, Array)
#2 C:\xampp\htdocs\Tailor-online\wp-includes\plugin.php(517): WP_Hook->do_action(Array)
#3 C:\xampp\htdocs\Tailor-online\wp-content\plugins\woocommerce\includes\wc-template-functions.php(3201): do_action('woocommerce_acc...', '')
#4 C:\xampp\htdocs\Tailor-online\wp-includes\class-wp-hook.php(308): woocommerce_account_content('')
#5 C:\xampp\htdocs\Tailor-online\wp-includes\class-wp-hook.php(332): WP_Hook->apply_filters(NULL, Array)
#6 C:\xampp\htdocs\Tailor-online\wp-includes\plugin.php(517): WP_Hook->do_action(Array)
#7 C:\xampp\htdocs\Tailor-online\wp-content\plugins\woocommerce\templates\myaccount\my-account.php(34): do_action('woocommerce_acc...')
#8 C:\xampp\htdocs\Tailor-online\wp-content\plugins\woocommerce\includes\wc-core-functions.php(345): include('C:\\xampp\\htdocs...')
#9 C:\xampp\htdocs\Tailor-online\wp-content\plugins\woocommerce\includes\shortcodes\class-wc-shortcode-my-account.php(119): wc_get_template('myaccount/my-ac...', Array)
#10 C:\xampp\htdocs\Tailor-online\wp-content\plugins\woocommerce\includes\shortcodes\class-wc-shortcode-my-account.php(72): WC_Shortcode_My_Account::my_account('')
#11 C:\xampp\htdocs\Tailor-online\wp-content\plugins\woocommerce\includes\class-wc-shortcodes.php(72): WC_Shortcode_My_Account::output('')
#12 C:\xampp\htdocs\Tailor-online\wp-content\plugins\woocommerce\includes\class-wc-shortcodes.php(115): WC_Shortcodes::shortcode_wrapper(Array, '')
#13 C:\xampp\htdocs\Tailor-online\wp-includes\shortcodes.php(355): WC_Shortcodes::my_account('', '', 'woocommerce_my_...')
#14 [internal function]: do_shortcode_tag(Array)
#15 C:\xampp\htdocs\Tailor-online\wp-includes\shortcodes.php(227): preg_replace_callback('/\\[(\\[?)(woocom...', 'do_shortcode_ta...', '[woocommerce_my...')
#16 C:\xampp\htdocs\Tailor-online\wp-content\plugins\elementor\includes\widgets\shortcode.php(130): do_shortcode('[woocommerce_my...')
#17 C:\xampp\htdocs\Tailor-online\wp-content\plugins\elementor\includes\base\controls-stack.php(2268): Elementor\Widget_Shortcode->render()
#18 C:\xampp\htdocs\Tailor-online\wp-content\plugins\elementor\includes\base\widget-base.php(609): Elementor\Controls_Stack->render_by_mode()
#19 C:\xampp\htdocs\Tailor-online\wp-content\plugins\elementor\includes\base\widget-base.php(750): Elementor\Widget_Base->render_content()
#20 C:\xampp\htdocs\Tailor-online\wp-content\plugins\elementor\includes\base\element-base.php(449): Elementor\Widget_Base->print_content()
#21 C:\xampp\htdocs\Tailor-online\wp-content\plugins\elementor\includes\base\element-base.php(1354): Elementor\Element_Base->print_element()
#22 C:\xampp\htdocs\Tailor-online\wp-content\plugins\elementor\includes\base\element-base.php(449): Elementor\Element_Base->print_content()
#23 C:\xampp\htdocs\Tailor-online\wp-content\plugins\elementor\includes\base\element-base.php(1354): Elementor\Element_Base->print_element()
#24 C:\xampp\htdocs\Tailor-online\wp-content\plugins\elementor\includes\base\element-base.php(449): Elementor\Element_Base->print_content()
#25 C:\xampp\htdocs\Tailor-online\wp-content\plugins\elementor\core\base\document.php(1711): Elementor\Element_Base->print_element()
#26 C:\xampp\htdocs\Tailor-online\wp-content\plugins\elementor\core\base\document.php(1106): Elementor\Core\Base\Document->print_elements(Array)
#27 C:\xampp\htdocs\Tailor-online\wp-content\plugins\elementor\includes\frontend.php(1179): Elementor\Core\Base\Document->print_elements_with_wrapper(Array)
#28 C:\xampp\htdocs\Tailor-online\wp-content\plugins\elementor\includes\frontend.php(1074): Elementor\Frontend->get_builder_content(41)
#29 C:\xampp\htdocs\Tailor-online\wp-includes\class-wp-hook.php(308): Elementor\Frontend->apply_builder_in_content('')
#30 C:\xampp\htdocs\Tailor-online\wp-includes\plugin.php(205): WP_Hook->apply_filters('', Array)
#31 C:\xampp\htdocs\Tailor-online\wp-includes\post-template.php(255): apply_filters('the_content', '')
#32 C:\xampp\htdocs\Tailor-online\wp-content\themes\astra\template-parts\single\content-header.php(33): the_content()
#33 C:\xampp\htdocs\Tailor-online\wp-includes\template.php(785): require('C:\\xampp\\htdocs...')
#34 C:\xampp\htdocs\Tailor-online\wp-includes\template.php(718): load_template('C:\\xampp\\htdocs...', false, Array)
#35 C:\xampp\htdocs\Tailor-online\wp-includes\general-template.php(204): locate_template(Array, true, false, Array)
#36 C:\xampp\htdocs\Tailor-online\wp-content\themes\astra\inc\template-parts.php(376): get_template_part('template-parts/...')
#37 C:\xampp\htdocs\Tailor-online\wp-includes\class-wp-hook.php(308): astra_entry_content_single_page_template('')
#38 C:\xampp\htdocs\Tailor-online\wp-includes\class-wp-hook.php(332): WP_Hook->apply_filters('', Array)
#39 C:\xampp\htdocs\Tailor-online\wp-includes\plugin.php(517): WP_Hook->do_action(Array)
#40 C:\xampp\htdocs\Tailor-online\wp-content\themes\astra\inc\core\theme-hooks.php(452): do_action('astra_entry_con...')
#41 C:\xampp\htdocs\Tailor-online\wp-content\themes\astra\template-parts\content-page.php(26): astra_entry_content_single_page()
#42 C:\xampp\htdocs\Tailor-online\wp-includes\template.php(785): require('C:\\xampp\\htdocs...')
#43 C:\xampp\htdocs\Tailor-online\wp-includes\template.php(718): load_template('C:\\xampp\\htdocs...', false, Array)
#44 C:\xampp\htdocs\Tailor-online\wp-includes\general-template.php(204): locate_template(Array, true, false, Array)
#45 C:\xampp\htdocs\Tailor-online\wp-content\themes\astra\inc\class-astra-loop.php(109): get_template_part('template-parts/...', 'page')
#46 C:\xampp\htdocs\Tailor-online\wp-includes\class-wp-hook.php(308): Astra_Loop->template_parts_page('')
#47 C:\xampp\htdocs\Tailor-online\wp-includes\class-wp-hook.php(332): WP_Hook->apply_filters('', Array)
#48 C:\xampp\htdocs\Tailor-online\wp-includes\plugin.php(517): WP_Hook->do_action(Array)
#49 C:\xampp\htdocs\Tailor-online\wp-content\themes\astra\inc\class-astra-loop.php(197): do_action('astra_page_temp...')
#50 C:\xampp\htdocs\Tailor-online\wp-content\themes\astra\inc\class-astra-loop.php(174): Astra_Loop->loop_markup(true)
#51 C:\xampp\htdocs\Tailor-online\wp-includes\class-wp-hook.php(308): Astra_Loop->loop_markup_page('')
#52 C:\xampp\htdocs\Tailor-online\wp-includes\class-wp-hook.php(332): WP_Hook->apply_filters('', Array)
#53 C:\xampp\htdocs\Tailor-online\wp-includes\plugin.php(517): WP_Hook->do_action(Array)
#54 C:\xampp\htdocs\Tailor-online\wp-content\themes\astra\inc\core\theme-hooks.php(267): do_action('astra_content_p...')
#55 C:\xampp\htdocs\Tailor-online\wp-content\themes\astra\page.php(32): astra_content_page_loop()
#56 C:\xampp\htdocs\Tailor-online\wp-includes\template-loader.php(106): include('C:\\xampp\\htdocs...')
#57 C:\xampp\htdocs\Tailor-online\wp-blog-header.php(19): require_once('C:\\xampp\\htdocs...')
#58 C:\xampp\htdocs\Tailor-online\index.php(17): require('C:\\xampp\\htdocs...')
#59 {main}
  thrown in C:\xampp\htdocs\Tailor-online\wp-includes\functions.php on line 8573

2023-07-19T07:02:23+00:00 CRITICAL Uncaught Error: Undefined constant "location" in C:\xampp\htdocs\Tailor-online\wp-includes\functions.php:8573
Stack trace:
#0 C:\xampp\htdocs\Tailor-online\wp-includes\class-wp-hook.php(308): custom_myaccount_endpoint_save_fields('')
#1 C:\xampp\htdocs\Tailor-online\wp-includes\class-wp-hook.php(332): WP_Hook->apply_filters(NULL, Array)
#2 C:\xampp\htdocs\Tailor-online\wp-includes\plugin.php(517): WP_Hook->do_action(Array)
#3 C:\xampp\htdocs\Tailor-online\wp-content\plugins\woocommerce\includes\wc-template-functions.php(3201): do_action('woocommerce_acc...', '')
#4 C:\xampp\htdocs\Tailor-online\wp-includes\class-wp-hook.php(308): woocommerce_account_content('')
#5 C:\xampp\htdocs\Tailor-online\wp-includes\class-wp-hook.php(332): WP_Hook->apply_filters(NULL, Array)
#6 C:\xampp\htdocs\Tailor-online\wp-includes\plugin.php(517): WP_Hook->do_action(Array)
#7 C:\xampp\htdocs\Tailor-online\wp-content\plugins\woocommerce\templates\myaccount\my-account.php(34): do_action('woocommerce_acc...')
#8 C:\xampp\htdocs\Tailor-online\wp-content\plugins\woocommerce\includes\wc-core-functions.php(345): include('C:\\xampp\\htdocs...')
#9 C:\xampp\htdocs\Tailor-online\wp-content\plugins\woocommerce\includes\shortcodes\class-wc-shortcode-my-account.php(119): wc_get_template('myaccount/my-ac...', Array)
#10 C:\xampp\htdocs\Tailor-online\wp-content\plugins\woocommerce\includes\shortcodes\class-wc-shortcode-my-account.php(72): WC_Shortcode_My_Account::my_account('')
#11 C:\xampp\htdocs\Tailor-online\wp-content\plugins\woocommerce\includes\class-wc-shortcodes.php(72): WC_Shortcode_My_Account::output('')
#12 C:\xampp\htdocs\Tailor-online\wp-content\plugins\woocommerce\includes\class-wc-shortcodes.php(115): WC_Shortcodes::shortcode_wrapper(Array, '')
#13 C:\xampp\htdocs\Tailor-online\wp-includes\shortcodes.php(355): WC_Shortcodes::my_account('', '', 'woocommerce_my_...')
#14 [internal function]: do_shortcode_tag(Array)
#15 C:\xampp\htdocs\Tailor-online\wp-includes\shortcodes.php(227): preg_replace_callback('/\\[(\\[?)(woocom...', 'do_shortcode_ta...', '[woocommerce_my...')
#16 C:\xampp\htdocs\Tailor-online\wp-content\plugins\elementor\includes\widgets\shortcode.php(130): do_shortcode('[woocommerce_my...')
#17 C:\xampp\htdocs\Tailor-online\wp-content\plugins\elementor\includes\base\controls-stack.php(2268): Elementor\Widget_Shortcode->render()
#18 C:\xampp\htdocs\Tailor-online\wp-content\plugins\elementor\includes\base\widget-base.php(609): Elementor\Controls_Stack->render_by_mode()
#19 C:\xampp\htdocs\Tailor-online\wp-content\plugins\elementor\includes\base\widget-base.php(750): Elementor\Widget_Base->render_content()
#20 C:\xampp\htdocs\Tailor-online\wp-content\plugins\elementor\includes\base\element-base.php(449): Elementor\Widget_Base->print_content()
#21 C:\xampp\htdocs\Tailor-online\wp-content\plugins\elementor\includes\base\element-base.php(1354): Elementor\Element_Base->print_element()
#22 C:\xampp\htdocs\Tailor-online\wp-content\plugins\elementor\includes\base\element-base.php(449): Elementor\Element_Base->print_content()
#23 C:\xampp\htdocs\Tailor-online\wp-content\plugins\elementor\includes\base\element-base.php(1354): Elementor\Element_Base->print_element()
#24 C:\xampp\htdocs\Tailor-online\wp-content\plugins\elementor\includes\base\element-base.php(449): Elementor\Element_Base->print_content()
#25 C:\xampp\htdocs\Tailor-online\wp-content\plugins\elementor\core\base\document.php(1711): Elementor\Element_Base->print_element()
#26 C:\xampp\htdocs\Tailor-online\wp-content\plugins\elementor\core\base\document.php(1106): Elementor\Core\Base\Document->print_elements(Array)
#27 C:\xampp\htdocs\Tailor-online\wp-content\plugins\elementor\includes\frontend.php(1179): Elementor\Core\Base\Document->print_elements_with_wrapper(Array)
#28 C:\xampp\htdocs\Tailor-online\wp-content\plugins\elementor\includes\frontend.php(1074): Elementor\Frontend->get_builder_content(41)
#29 C:\xampp\htdocs\Tailor-online\wp-includes\class-wp-hook.php(308): Elementor\Frontend->apply_builder_in_content('')
#30 C:\xampp\htdocs\Tailor-online\wp-includes\plugin.php(205): WP_Hook->apply_filters('', Array)
#31 C:\xampp\htdocs\Tailor-online\wp-includes\post-template.php(255): apply_filters('the_content', '')
#32 C:\xampp\htdocs\Tailor-online\wp-content\themes\astra\template-parts\single\content-header.php(33): the_content()
#33 C:\xampp\htdocs\Tailor-online\wp-includes\template.php(785): require('C:\\xampp\\htdocs...')
#34 C:\xampp\htdocs\Tailor-online\wp-includes\template.php(718): load_template('C:\\xampp\\htdocs...', false, Array)
#35 C:\xampp\htdocs\Tailor-online\wp-includes\general-template.php(204): locate_template(Array, true, false, Array)
#36 C:\xampp\htdocs\Tailor-online\wp-content\themes\astra\inc\template-parts.php(376): get_template_part('template-parts/...')
#37 C:\xampp\htdocs\Tailor-online\wp-includes\class-wp-hook.php(308): astra_entry_content_single_page_template('')
#38 C:\xampp\htdocs\Tailor-online\wp-includes\class-wp-hook.php(332): WP_Hook->apply_filters('', Array)
#39 C:\xampp\htdocs\Tailor-online\wp-includes\plugin.php(517): WP_Hook->do_action(Array)
#40 C:\xampp\htdocs\Tailor-online\wp-content\themes\astra\inc\core\theme-hooks.php(452): do_action('astra_entry_con...')
#41 C:\xampp\htdocs\Tailor-online\wp-content\themes\astra\template-parts\content-page.php(26): astra_entry_content_single_page()
#42 C:\xampp\htdocs\Tailor-online\wp-includes\template.php(785): require('C:\\xampp\\htdocs...')
#43 C:\xampp\htdocs\Tailor-online\wp-includes\template.php(718): load_template('C:\\xampp\\htdocs...', false, Array)
#44 C:\xampp\htdocs\Tailor-online\wp-includes\general-template.php(204): locate_template(Array, true, false, Array)
#45 C:\xampp\htdocs\Tailor-online\wp-content\themes\astra\inc\class-astra-loop.php(109): get_template_part('template-parts/...', 'page')
#46 C:\xampp\htdocs\Tailor-online\wp-includes\class-wp-hook.php(308): Astra_Loop->template_parts_page('')
#47 C:\xampp\htdocs\Tailor-online\wp-includes\class-wp-hook.php(332): WP_Hook->apply_filters('', Array)
#48 C:\xampp\htdocs\Tailor-online\wp-includes\plugin.php(517): WP_Hook->do_action(Array)
#49 C:\xampp\htdocs\Tailor-online\wp-content\themes\astra\inc\class-astra-loop.php(197): do_action('astra_page_temp...')
#50 C:\xampp\htdocs\Tailor-online\wp-content\themes\astra\inc\class-astra-loop.php(174): Astra_Loop->loop_markup(true)
#51 C:\xampp\htdocs\Tailor-online\wp-includes\class-wp-hook.php(308): Astra_Loop->loop_markup_page('')
#52 C:\xampp\htdocs\Tailor-online\wp-includes\class-wp-hook.php(332): WP_Hook->apply_filters('', Array)
#53 C:\xampp\htdocs\Tailor-online\wp-includes\plugin.php(517): WP_Hook->do_action(Array)
#54 C:\xampp\htdocs\Tailor-online\wp-content\themes\astra\inc\core\theme-hooks.php(267): do_action('astra_content_p...')
#55 C:\xampp\htdocs\Tailor-online\wp-content\themes\astra\page.php(32): astra_content_page_loop()
#56 C:\xampp\htdocs\Tailor-online\wp-includes\template-loader.php(106): include('C:\\xampp\\htdocs...')
#57 C:\xampp\htdocs\Tailor-online\wp-blog-header.php(19): require_once('C:\\xampp\\htdocs...')
#58 C:\xampp\htdocs\Tailor-online\index.php(17): require('C:\\xampp\\htdocs...')
#59 {main}
  thrown in C:\xampp\htdocs\Tailor-online\wp-includes\functions.php on line 8573

2023-07-19T07:11:41+00:00 CRITICAL Uncaught Error: Undefined constant "location" in C:\xampp\htdocs\Tailor-online\wp-includes\functions.php:8552
Stack trace:
#0 C:\xampp\htdocs\Tailor-online\wp-includes\class-wp-hook.php(308): custom_myaccount_endpoint_content('')
#1 C:\xampp\htdocs\Tailor-online\wp-includes\class-wp-hook.php(332): WP_Hook->apply_filters('', Array)
#2 C:\xampp\htdocs\Tailor-online\wp-includes\plugin.php(517): WP_Hook->do_action(Array)
#3 C:\xampp\htdocs\Tailor-online\wp-content\plugins\woocommerce\includes\wc-template-functions.php(3201): do_action('woocommerce_acc...', '')
#4 C:\xampp\htdocs\Tailor-online\wp-includes\class-wp-hook.php(308): woocommerce_account_content('')
#5 C:\xampp\htdocs\Tailor-online\wp-includes\class-wp-hook.php(332): WP_Hook->apply_filters(NULL, Array)
#6 C:\xampp\htdocs\Tailor-online\wp-includes\plugin.php(517): WP_Hook->do_action(Array)
#7 C:\xampp\htdocs\Tailor-online\wp-content\plugins\woocommerce\templates\myaccount\my-account.php(34): do_action('woocommerce_acc...')
#8 C:\xampp\htdocs\Tailor-online\wp-content\plugins\woocommerce\includes\wc-core-functions.php(345): include('C:\\xampp\\htdocs...')
#9 C:\xampp\htdocs\Tailor-online\wp-content\plugins\woocommerce\includes\shortcodes\class-wc-shortcode-my-account.php(119): wc_get_template('myaccount/my-ac...', Array)
#10 C:\xampp\htdocs\Tailor-online\wp-content\plugins\woocommerce\includes\shortcodes\class-wc-shortcode-my-account.php(72): WC_Shortcode_My_Account::my_account('')
#11 C:\xampp\htdocs\Tailor-online\wp-content\plugins\woocommerce\includes\class-wc-shortcodes.php(72): WC_Shortcode_My_Account::output('')
#12 C:\xampp\htdocs\Tailor-online\wp-content\plugins\woocommerce\includes\class-wc-shortcodes.php(115): WC_Shortcodes::shortcode_wrapper(Array, '')
#13 C:\xampp\htdocs\Tailor-online\wp-includes\shortcodes.php(355): WC_Shortcodes::my_account('', '', 'woocommerce_my_...')
#14 [internal function]: do_shortcode_tag(Array)
#15 C:\xampp\htdocs\Tailor-online\wp-includes\shortcodes.php(227): preg_replace_callback('/\\[(\\[?)(woocom...', 'do_shortcode_ta...', '[woocommerce_my...')
#16 C:\xampp\htdocs\Tailor-online\wp-content\plugins\elementor\includes\widgets\shortcode.php(130): do_shortcode('[woocommerce_my...')
#17 C:\xampp\htdocs\Tailor-online\wp-content\plugins\elementor\includes\base\controls-stack.php(2268): Elementor\Widget_Shortcode->render()
#18 C:\xampp\htdocs\Tailor-online\wp-content\plugins\elementor\includes\base\widget-base.php(609): Elementor\Controls_Stack->render_by_mode()
#19 C:\xampp\htdocs\Tailor-online\wp-content\plugins\elementor\includes\base\widget-base.php(750): Elementor\Widget_Base->render_content()
#20 C:\xampp\htdocs\Tailor-online\wp-content\plugins\elementor\includes\base\element-base.php(449): Elementor\Widget_Base->print_content()
#21 C:\xampp\htdocs\Tailor-online\wp-content\plugins\elementor\includes\base\element-base.php(1354): Elementor\Element_Base->print_element()
#22 C:\xampp\htdocs\Tailor-online\wp-content\plugins\elementor\includes\base\element-base.php(449): Elementor\Element_Base->print_content()
#23 C:\xampp\htdocs\Tailor-online\wp-content\plugins\elementor\includes\base\element-base.php(1354): Elementor\Element_Base->print_element()
#24 C:\xampp\htdocs\Tailor-online\wp-content\plugins\elementor\includes\base\element-base.php(449): Elementor\Element_Base->print_content()
#25 C:\xampp\htdocs\Tailor-online\wp-content\plugins\elementor\core\base\document.php(1711): Elementor\Element_Base->print_element()
#26 C:\xampp\htdocs\Tailor-online\wp-content\plugins\elementor\core\base\document.php(1106): Elementor\Core\Base\Document->print_elements(Array)
#27 C:\xampp\htdocs\Tailor-online\wp-content\plugins\elementor\includes\frontend.php(1179): Elementor\Core\Base\Document->print_elements_with_wrapper(Array)
#28 C:\xampp\htdocs\Tailor-online\wp-content\plugins\elementor\includes\frontend.php(1074): Elementor\Frontend->get_builder_content(41)
#29 C:\xampp\htdocs\Tailor-online\wp-includes\class-wp-hook.php(308): Elementor\Frontend->apply_builder_in_content('')
#30 C:\xampp\htdocs\Tailor-online\wp-includes\plugin.php(205): WP_Hook->apply_filters('', Array)
#31 C:\xampp\htdocs\Tailor-online\wp-includes\post-template.php(255): apply_filters('the_content', '')
#32 C:\xampp\htdocs\Tailor-online\wp-content\themes\astra\template-parts\single\content-header.php(33): the_content()
#33 C:\xampp\htdocs\Tailor-online\wp-includes\template.php(785): require('C:\\xampp\\htdocs...')
#34 C:\xampp\htdocs\Tailor-online\wp-includes\template.php(718): load_template('C:\\xampp\\htdocs...', false, Array)
#35 C:\xampp\htdocs\Tailor-online\wp-includes\general-template.php(204): locate_template(Array, true, false, Array)
#36 C:\xampp\htdocs\Tailor-online\wp-content\themes\astra\inc\template-parts.php(376): get_template_part('template-parts/...')
#37 C:\xampp\htdocs\Tailor-online\wp-includes\class-wp-hook.php(308): astra_entry_content_single_page_template('')
#38 C:\xampp\htdocs\Tailor-online\wp-includes\class-wp-hook.php(332): WP_Hook->apply_filters('', Array)
#39 C:\xampp\htdocs\Tailor-online\wp-includes\plugin.php(517): WP_Hook->do_action(Array)
#40 C:\xampp\htdocs\Tailor-online\wp-content\themes\astra\inc\core\theme-hooks.php(452): do_action('astra_entry_con...')
#41 C:\xampp\htdocs\Tailor-online\wp-content\themes\astra\template-parts\content-page.php(26): astra_entry_content_single_page()
#42 C:\xampp\htdocs\Tailor-online\wp-includes\template.php(785): require('C:\\xampp\\htdocs...')
#43 C:\xampp\htdocs\Tailor-online\wp-includes\template.php(718): load_template('C:\\xampp\\htdocs...', false, Array)
#44 C:\xampp\htdocs\Tailor-online\wp-includes\general-template.php(204): locate_template(Array, true, false, Array)
#45 C:\xampp\htdocs\Tailor-online\wp-content\themes\astra\inc\class-astra-loop.php(109): get_template_part('template-parts/...', 'page')
#46 C:\xampp\htdocs\Tailor-online\wp-includes\class-wp-hook.php(308): Astra_Loop->template_parts_page('')
#47 C:\xampp\htdocs\Tailor-online\wp-includes\class-wp-hook.php(332): WP_Hook->apply_filters('', Array)
#48 C:\xampp\htdocs\Tailor-online\wp-includes\plugin.php(517): WP_Hook->do_action(Array)
#49 C:\xampp\htdocs\Tailor-online\wp-content\themes\astra\inc\class-astra-loop.php(197): do_action('astra_page_temp...')
#50 C:\xampp\htdocs\Tailor-online\wp-content\themes\astra\inc\class-astra-loop.php(174): Astra_Loop->loop_markup(true)
#51 C:\xampp\htdocs\Tailor-online\wp-includes\class-wp-hook.php(308): Astra_Loop->loop_markup_page('')
#52 C:\xampp\htdocs\Tailor-online\wp-includes\class-wp-hook.php(332): WP_Hook->apply_filters('', Array)
#53 C:\xampp\htdocs\Tailor-online\wp-includes\plugin.php(517): WP_Hook->do_action(Array)
#54 C:\xampp\htdocs\Tailor-online\wp-content\themes\astra\inc\core\theme-hooks.php(267): do_action('astra_content_p...')
#55 C:\xampp\htdocs\Tailor-online\wp-content\themes\astra\page.php(32): astra_content_page_loop()
#56 C:\xampp\htdocs\Tailor-online\wp-includes\template-loader.php(106): include('C:\\xampp\\htdocs...')
#57 C:\xampp\htdocs\Tailor-online\wp-blog-header.php(19): require_once('C:\\xampp\\htdocs...')
#58 C:\xampp\htdocs\Tailor-online\index.php(17): require('C:\\xampp\\htdocs...')
#59 {main}
  thrown in C:\xampp\htdocs\Tailor-online\wp-includes\functions.php on line 8552

2023-07-19T07:38:42+00:00 CRITICAL Uncaught Error: Undefined constant "console" in C:\xampp\htdocs\Tailor-online\wp-includes\functions.php:8580
Stack trace:
#0 C:\xampp\htdocs\Tailor-online\wp-includes\class-wp-hook.php(308): add_to_cart_popup_script('')
#1 C:\xampp\htdocs\Tailor-online\wp-includes\class-wp-hook.php(332): WP_Hook->apply_filters(NULL, Array)
#2 C:\xampp\htdocs\Tailor-online\wp-includes\plugin.php(517): WP_Hook->do_action(Array)
#3 C:\xampp\htdocs\Tailor-online\wp-includes\general-template.php(3065): do_action('wp_footer')
#4 C:\xampp\htdocs\Tailor-online\wp-content\themes\astra\footer.php(33): wp_footer()
#5 C:\xampp\htdocs\Tailor-online\wp-includes\template.php(783): require_once('C:\\xampp\\htdocs...')
#6 C:\xampp\htdocs\Tailor-online\wp-includes\template.php(718): load_template('C:\\xampp\\htdocs...', true, Array)
#7 C:\xampp\htdocs\Tailor-online\wp-includes\general-template.php(92): locate_template(Array, true, true, Array)
#8 C:\xampp\htdocs\Tailor-online\wp-content\plugins\woocommerce\templates\single-product.php(60): get_footer('shop')
#9 C:\xampp\htdocs\Tailor-online\wp-includes\template-loader.php(106): include('C:\\xampp\\htdocs...')
#10 C:\xampp\htdocs\Tailor-online\wp-blog-header.php(19): require_once('C:\\xampp\\htdocs...')
#11 C:\xampp\htdocs\Tailor-online\index.php(17): require('C:\\xampp\\htdocs...')
#12 {main}
  thrown in C:\xampp\htdocs\Tailor-online\wp-includes\functions.php on line 8580

2023-07-19T07:38:46+00:00 CRITICAL Uncaught Error: Undefined constant "console" in C:\xampp\htdocs\Tailor-online\wp-includes\functions.php:8580
Stack trace:
#0 C:\xampp\htdocs\Tailor-online\wp-includes\class-wp-hook.php(308): add_to_cart_popup_script('')
#1 C:\xampp\htdocs\Tailor-online\wp-includes\class-wp-hook.php(332): WP_Hook->apply_filters(NULL, Array)
#2 C:\xampp\htdocs\Tailor-online\wp-includes\plugin.php(517): WP_Hook->do_action(Array)
#3 C:\xampp\htdocs\Tailor-online\wp-includes\general-template.php(3065): do_action('wp_footer')
#4 C:\xampp\htdocs\Tailor-online\wp-content\themes\astra\footer.php(33): wp_footer()
#5 C:\xampp\htdocs\Tailor-online\wp-includes\template.php(783): require_once('C:\\xampp\\htdocs...')
#6 C:\xampp\htdocs\Tailor-online\wp-includes\template.php(718): load_template('C:\\xampp\\htdocs...', true, Array)
#7 C:\xampp\htdocs\Tailor-online\wp-includes\general-template.php(92): locate_template(Array, true, true, Array)
#8 C:\xampp\htdocs\Tailor-online\wp-content\plugins\woocommerce\templates\single-product.php(60): get_footer('shop')
#9 C:\xampp\htdocs\Tailor-online\wp-includes\template-loader.php(106): include('C:\\xampp\\htdocs...')
#10 C:\xampp\htdocs\Tailor-online\wp-blog-header.php(19): require_once('C:\\xampp\\htdocs...')
#11 C:\xampp\htdocs\Tailor-online\index.php(17): require('C:\\xampp\\htdocs...')
#12 {main}
  thrown in C:\xampp\htdocs\Tailor-online\wp-includes\functions.php on line 8580

